Connecting to database specified by database.yml
Connecting to database specified by database.yml
Connecting to database specified by database.yml
Connecting to database specified by database.yml
Connecting to database specified by database.yml
Connecting to database specified by database.yml
  [1m[36m (0.2ms)[0m  [1mselect sqlite_version(*)[0m
  [1m[35m (66.4ms)[0m  CREATE TABLE "schema_migrations" ("version" varchar(255) NOT NULL) 
  [1m[36m (0.2ms)[0m  [1mPRAGMA index_list("schema_migrations")[0m
  [1m[35m (3.7ms)[0m  CREATE UNIQUE INDEX "unique_schema_migrations" ON "schema_migrations" ("version")
  [1m[36m (0.1ms)[0m  [1mSELECT "schema_migrations"."version" FROM "schema_migrations" [0m
Migrating to CreateBathroomtypes (20121006184959)
  [1m[35m (0.1ms)[0m  begin transaction
  [1m[36m (0.4ms)[0m  [1mCREATE TABLE "bathroomtypes" ("id" INTEGER PRIMARY KEY AUTOINCREMENT NOT NULL, "type" varchar(255), "created_at" datetime NOT NULL, "updated_at" datetime NOT NULL) [0m
  [1m[35m (0.1ms)[0m  INSERT INTO "schema_migrations" ("version") VALUES ('20121006184959')
  [1m[36m (3.4ms)[0m  [1mcommit transaction[0m
Migrating to CreateBathrooms (20121006185002)
  [1m[35m (0.1ms)[0m  begin transaction
  [1m[36m (0.4ms)[0m  [1mCREATE TABLE "bathrooms" ("id" INTEGER PRIMARY KEY AUTOINCREMENT NOT NULL, "name" varchar(255), "address" varchar(255), "city" varchar(255), "state" varchar(255), "zip" varchar(255), "lat" varchar(255), "lng" varchar(255), "isHandicapAccessible" boolean, "isPublic" boolean, "isFamily" boolean, "isGreen" boolean, "isUnisex" boolean, "isHandsFree" boolean, "hasProductDispenser" boolean, "hasAttendent" boolean, "hasSignage" boolean, "hasWifi" boolean, "bathroomtype_id" integer, "created_at" datetime NOT NULL, "updated_at" datetime NOT NULL) [0m
  [1m[35m (0.1ms)[0m  PRAGMA index_list("bathrooms")
  [1m[36m (0.2ms)[0m  [1mCREATE INDEX "index_bathrooms_on_bathroomtype_id" ON "bathrooms" ("bathroomtype_id")[0m
  [1m[35m (0.1ms)[0m  INSERT INTO "schema_migrations" ("version") VALUES ('20121006185002')
  [1m[36m (3.2ms)[0m  [1mcommit transaction[0m
Migrating to CreateReviews (20121006185005)
  [1m[35m (0.1ms)[0m  begin transaction
  [1m[36m (0.4ms)[0m  [1mCREATE TABLE "reviews" ("id" INTEGER PRIMARY KEY AUTOINCREMENT NOT NULL, "reviewtext" varchar(255), "bathroom_id" integer, "created_at" datetime NOT NULL, "updated_at" datetime NOT NULL) [0m
  [1m[35m (0.1ms)[0m  PRAGMA index_list("reviews")
  [1m[36m (0.2ms)[0m  [1mCREATE INDEX "index_reviews_on_bathroom_id" ON "reviews" ("bathroom_id")[0m
  [1m[35m (0.1ms)[0m  INSERT INTO "schema_migrations" ("version") VALUES ('20121006185005')
  [1m[36m (3.2ms)[0m  [1mcommit transaction[0m
Migrating to CreateScoretypes (20121006185008)
  [1m[35m (0.1ms)[0m  begin transaction
  [1m[36m (0.4ms)[0m  [1mCREATE TABLE "scoretypes" ("id" INTEGER PRIMARY KEY AUTOINCREMENT NOT NULL, "type" varchar(255), "created_at" datetime NOT NULL, "updated_at" datetime NOT NULL) [0m
  [1m[35m (0.2ms)[0m  INSERT INTO "schema_migrations" ("version") VALUES ('20121006185008')
  [1m[36m (3.7ms)[0m  [1mcommit transaction[0m
Migrating to CreateScores (20121006185011)
  [1m[35m (0.1ms)[0m  begin transaction
  [1m[36m (0.3ms)[0m  [1mCREATE TABLE "scores" ("id" INTEGER PRIMARY KEY AUTOINCREMENT NOT NULL, "value" integer, "bathroom_id" integer, "scoretype_id" integer, "created_at" datetime NOT NULL, "updated_at" datetime NOT NULL) [0m
  [1m[35m (0.1ms)[0m  PRAGMA index_list("scores")
  [1m[36m (0.2ms)[0m  [1mCREATE INDEX "index_scores_on_bathroom_id" ON "scores" ("bathroom_id")[0m
  [1m[35m (0.1ms)[0m  PRAGMA index_list("scores")
  [1m[36m (0.1ms)[0m  [1mPRAGMA index_info('index_scores_on_bathroom_id')[0m
  [1m[35m (0.2ms)[0m  CREATE INDEX "index_scores_on_scoretype_id" ON "scores" ("scoretype_id")
  [1m[36m (0.1ms)[0m  [1mINSERT INTO "schema_migrations" ("version") VALUES ('20121006185011')[0m
  [1m[35m (3.3ms)[0m  commit transaction
  [1m[36m (0.5ms)[0m  [1mselect sqlite_version(*)[0m
  [1m[35m (0.1ms)[0m  SELECT "schema_migrations"."version" FROM "schema_migrations" 
  [1m[36m (0.1ms)[0m  [1mPRAGMA index_list("bathrooms")[0m
  [1m[35m (0.1ms)[0m  PRAGMA index_info('index_bathrooms_on_bathroomtype_id')
  [1m[36m (0.0ms)[0m  [1mPRAGMA index_list("bathroomtypes")[0m
  [1m[35m (0.1ms)[0m  PRAGMA index_list("reviews")
  [1m[36m (0.0ms)[0m  [1mPRAGMA index_info('index_reviews_on_bathroom_id')[0m
  [1m[35m (0.1ms)[0m  PRAGMA index_list("scores")
  [1m[36m (0.0ms)[0m  [1mPRAGMA index_info('index_scores_on_scoretype_id')[0m
  [1m[35m (0.0ms)[0m  PRAGMA index_info('index_scores_on_bathroom_id')
  [1m[36m (0.0ms)[0m  [1mPRAGMA index_list("scoretypes")[0m
Connecting to database specified by database.yml
Connecting to database specified by database.yml
  [1m[36m (0.1ms)[0m  [1mSELECT "schema_migrations"."version" FROM "schema_migrations" [0m
  [1m[35m (0.1ms)[0m  SELECT "schema_migrations"."version" FROM "schema_migrations" 
Migrating to CreateScores (20121006185011)
  [1m[36m (0.1ms)[0m  [1mselect sqlite_version(*)[0m
  [1m[35m (0.1ms)[0m  begin transaction
  [1m[36m (0.1ms)[0m  [1mPRAGMA index_list("scores")[0m
  [1m[35m (0.2ms)[0m  PRAGMA index_info('index_scores_on_scoretype_id')
  [1m[36m (0.1ms)[0m  [1mPRAGMA index_info('index_scores_on_bathroom_id')[0m
  [1m[35m (0.5ms)[0m  DROP INDEX "index_scores_on_scoretype_id"
  [1m[36m (0.1ms)[0m  [1mPRAGMA index_list("scores")[0m
  [1m[35m (0.1ms)[0m  PRAGMA index_info('index_scores_on_bathroom_id')
  [1m[36m (0.2ms)[0m  [1mDROP INDEX "index_scores_on_bathroom_id"[0m
  [1m[35m (0.2ms)[0m  DROP TABLE "scores"
  [1m[36m (0.1ms)[0m  [1mDELETE FROM "schema_migrations" WHERE "schema_migrations"."version" = '20121006185011'[0m
  [1m[35m (26.3ms)[0m  commit transaction
  [1m[36m (0.4ms)[0m  [1mselect sqlite_version(*)[0m
  [1m[35m (0.1ms)[0m  SELECT "schema_migrations"."version" FROM "schema_migrations" 
  [1m[36m (0.1ms)[0m  [1mPRAGMA index_list("bathrooms")[0m
  [1m[35m (0.1ms)[0m  PRAGMA index_info('index_bathrooms_on_bathroomtype_id')
  [1m[36m (0.0ms)[0m  [1mPRAGMA index_list("bathroomtypes")[0m
  [1m[35m (0.1ms)[0m  PRAGMA index_list("reviews")
  [1m[36m (0.0ms)[0m  [1mPRAGMA index_info('index_reviews_on_bathroom_id')[0m
  [1m[35m (0.0ms)[0m  PRAGMA index_list("scoretypes")
Connecting to database specified by database.yml
  [1m[36m (0.1ms)[0m  [1mselect sqlite_version(*)[0m
  [1m[35m (67.4ms)[0m  CREATE TABLE "schema_migrations" ("version" varchar(255) NOT NULL) 
  [1m[36m (0.2ms)[0m  [1mPRAGMA index_list("schema_migrations")[0m
  [1m[35m (12.7ms)[0m  CREATE UNIQUE INDEX "unique_schema_migrations" ON "schema_migrations" ("version")
  [1m[36m (0.2ms)[0m  [1mSELECT "schema_migrations"."version" FROM "schema_migrations" [0m
Migrating to CreateBathroomtypes (20121006184959)
  [1m[35m (0.1ms)[0m  begin transaction
  [1m[36m (0.7ms)[0m  [1mCREATE TABLE "bathroomtypes" ("id" INTEGER PRIMARY KEY AUTOINCREMENT NOT NULL, "btype" varchar(255), "created_at" datetime NOT NULL, "updated_at" datetime NOT NULL) [0m
  [1m[35m (0.2ms)[0m  INSERT INTO "schema_migrations" ("version") VALUES ('20121006184959')
  [1m[36m (5.3ms)[0m  [1mcommit transaction[0m
Migrating to CreateBathrooms (20121006185002)
  [1m[35m (0.1ms)[0m  begin transaction
  [1m[36m (0.7ms)[0m  [1mCREATE TABLE "bathrooms" ("id" INTEGER PRIMARY KEY AUTOINCREMENT NOT NULL, "name" varchar(255), "address" varchar(255), "city" varchar(255), "state" varchar(255), "zip" varchar(255), "lat" varchar(255), "lng" varchar(255), "isHandicapAccessible" boolean, "isPublic" boolean, "isFamily" boolean, "isGreen" boolean, "isUnisex" boolean, "isHandsFree" boolean, "hasProductDispenser" boolean, "hasAttendent" boolean, "hasSignage" boolean, "hasWifi" boolean, "bathroomtype_id" integer, "created_at" datetime NOT NULL, "updated_at" datetime NOT NULL) [0m
  [1m[35m (0.1ms)[0m  PRAGMA index_list("bathrooms")
  [1m[36m (0.3ms)[0m  [1mCREATE INDEX "index_bathrooms_on_bathroomtype_id" ON "bathrooms" ("bathroomtype_id")[0m
  [1m[35m (0.2ms)[0m  INSERT INTO "schema_migrations" ("version") VALUES ('20121006185002')
  [1m[36m (4.9ms)[0m  [1mcommit transaction[0m
Migrating to CreateReviews (20121006185005)
  [1m[35m (0.1ms)[0m  begin transaction
  [1m[36m (0.4ms)[0m  [1mCREATE TABLE "reviews" ("id" INTEGER PRIMARY KEY AUTOINCREMENT NOT NULL, "reviewtext" varchar(255), "bathroom_id" integer, "created_at" datetime NOT NULL, "updated_at" datetime NOT NULL) [0m
  [1m[35m (0.1ms)[0m  PRAGMA index_list("reviews")
  [1m[36m (0.6ms)[0m  [1mCREATE INDEX "index_reviews_on_bathroom_id" ON "reviews" ("bathroom_id")[0m
  [1m[35m (0.2ms)[0m  INSERT INTO "schema_migrations" ("version") VALUES ('20121006185005')
  [1m[36m (9.1ms)[0m  [1mcommit transaction[0m
Migrating to CreateScoretypes (20121006185008)
  [1m[35m (0.1ms)[0m  begin transaction
  [1m[36m (0.5ms)[0m  [1mCREATE TABLE "scoretypes" ("id" INTEGER PRIMARY KEY AUTOINCREMENT NOT NULL, "stype" varchar(255), "created_at" datetime NOT NULL, "updated_at" datetime NOT NULL) [0m
  [1m[35m (0.2ms)[0m  INSERT INTO "schema_migrations" ("version") VALUES ('20121006185008')
  [1m[36m (4.1ms)[0m  [1mcommit transaction[0m
Migrating to CreateScores (20121006185011)
  [1m[35m (0.1ms)[0m  begin transaction
  [1m[36m (0.5ms)[0m  [1mCREATE TABLE "scores" ("id" INTEGER PRIMARY KEY AUTOINCREMENT NOT NULL, "value" integer, "bathroom_id" integer, "scoretype_id" integer, "created_at" datetime NOT NULL, "updated_at" datetime NOT NULL) [0m
  [1m[35m (0.1ms)[0m  PRAGMA index_list("scores")
  [1m[36m (0.3ms)[0m  [1mCREATE INDEX "index_scores_on_bathroom_id" ON "scores" ("bathroom_id")[0m
  [1m[35m (0.1ms)[0m  PRAGMA index_list("scores")
  [1m[36m (0.1ms)[0m  [1mPRAGMA index_info('index_scores_on_bathroom_id')[0m
  [1m[35m (0.2ms)[0m  CREATE INDEX "index_scores_on_scoretype_id" ON "scores" ("scoretype_id")
  [1m[36m (0.2ms)[0m  [1mINSERT INTO "schema_migrations" ("version") VALUES ('20121006185011')[0m
  [1m[35m (3.7ms)[0m  commit transaction
  [1m[36m (0.4ms)[0m  [1mselect sqlite_version(*)[0m
  [1m[35m (0.1ms)[0m  SELECT "schema_migrations"."version" FROM "schema_migrations" 
  [1m[36m (0.1ms)[0m  [1mPRAGMA index_list("bathrooms")[0m
  [1m[35m (0.1ms)[0m  PRAGMA index_info('index_bathrooms_on_bathroomtype_id')
  [1m[36m (0.0ms)[0m  [1mPRAGMA index_list("bathroomtypes")[0m
  [1m[35m (0.1ms)[0m  PRAGMA index_list("reviews")
  [1m[36m (0.1ms)[0m  [1mPRAGMA index_info('index_reviews_on_bathroom_id')[0m
  [1m[35m (0.1ms)[0m  PRAGMA index_list("scores")
  [1m[36m (0.1ms)[0m  [1mPRAGMA index_info('index_scores_on_scoretype_id')[0m
  [1m[35m (0.1ms)[0m  PRAGMA index_info('index_scores_on_bathroom_id')
  [1m[36m (0.1ms)[0m  [1mPRAGMA index_list("scoretypes")[0m
Connecting to database specified by database.yml


Started GET "/bathrooms/add" for 127.0.0.1 at 2012-10-06 15:21:27 -0400
Connecting to database specified by database.yml

ActionController::RoutingError (No route matches [GET] "/bathrooms/add"):
  actionpack (3.2.8) lib/action_dispatch/middleware/debug_exceptions.rb:21:in `call'
  actionpack (3.2.8) lib/action_dispatch/middleware/show_exceptions.rb:56:in `call'
  railties (3.2.8) lib/rails/rack/logger.rb:26:in `call_app'
  railties (3.2.8) lib/rails/rack/logger.rb:16:in `call'
  actionpack (3.2.8) lib/action_dispatch/middleware/request_id.rb:22:in `call'
  rack (1.4.1) lib/rack/methodoverride.rb:21:in `call'
  rack (1.4.1) lib/rack/runtime.rb:17:in `call'
  activesupport (3.2.8) lib/active_support/cache/strategy/local_cache.rb:72:in `call'
  rack (1.4.1) lib/rack/lock.rb:15:in `call'
  actionpack (3.2.8) lib/action_dispatch/middleware/static.rb:62:in `call'
  railties (3.2.8) lib/rails/engine.rb:479:in `call'
  railties (3.2.8) lib/rails/application.rb:223:in `call'
  rack (1.4.1) lib/rack/content_length.rb:14:in `call'
  railties (3.2.8) lib/rails/rack/log_tailer.rb:17:in `call'
  rack (1.4.1) lib/rack/handler/webrick.rb:59:in `service'
  /home/dan/.rvm/rubies/ruby-1.9.3-p194/lib/ruby/1.9.1/webrick/httpserver.rb:138:in `service'
  /home/dan/.rvm/rubies/ruby-1.9.3-p194/lib/ruby/1.9.1/webrick/httpserver.rb:94:in `run'
  /home/dan/.rvm/rubies/ruby-1.9.3-p194/lib/ruby/1.9.1/webrick/server.rb:191:in `block in start_thread'


  Rendered /home/dan/.rvm/gems/ruby-1.9.3-p194/gems/actionpack-3.2.8/lib/action_dispatch/middleware/templates/rescues/routing_error.erb within rescues/layout (3.7ms)


Started GET "/bathrooms/add" for 127.0.0.1 at 2012-10-06 15:23:46 -0400
Connecting to database specified by database.yml
Processing by BathroomsController#add as HTML
  [1m[36m (0.1ms)[0m  [1mbegin transaction[0m
  [1m[35mSQL (6.3ms)[0m  INSERT INTO "bathrooms" ("address", "bathroomtype_id", "city", "created_at", "hasAttendent", "hasProductDispenser", "hasSignage", "hasWifi", "isFamily", "isGreen", "isHandicapAccessible", "isHandsFree", "isPublic", "isUnisex", "lat", "lng", "name", "state", "updated_at", "zip") VALUES (?, ?, ?, ?, ?, ?, ?, ?, ?, ?, ?, ?, ?, ?, ?, ?, ?, ?, ?, ?)  [["address", nil], ["bathroomtype_id", nil], ["city", nil], ["created_at", Sat, 06 Oct 2012 19:23:47 UTC +00:00], ["hasAttendent", nil], ["hasProductDispenser", nil], ["hasSignage", nil], ["hasWifi", nil], ["isFamily", nil], ["isGreen", nil], ["isHandicapAccessible", nil], ["isHandsFree", nil], ["isPublic", nil], ["isUnisex", nil], ["lat", nil], ["lng", nil], ["name", nil], ["state", nil], ["updated_at", Sat, 06 Oct 2012 19:23:47 UTC +00:00], ["zip", nil]]
  [1m[36m (69.3ms)[0m  [1mcommit transaction[0m
  [1m[35m (0.1ms)[0m  begin transaction
  [1m[36mSQL (0.5ms)[0m  [1mINSERT INTO "bathroomtypes" ("btype", "created_at", "updated_at") VALUES (?, ?, ?)[0m  [["btype", nil], ["created_at", Sat, 06 Oct 2012 19:23:47 UTC +00:00], ["updated_at", Sat, 06 Oct 2012 19:23:47 UTC +00:00]]
  [1m[35m (3.6ms)[0m  commit transaction
  [1m[36m (0.1ms)[0m  [1mbegin transaction[0m
  [1m[35m (0.1ms)[0m  commit transaction
Completed 500 Internal Server Error in 198ms

NoMethodError (undefined method `save' for nil:NilClass):
  app/controllers/bathrooms_controller.rb:28:in `add'


  Rendered /home/dan/.rvm/gems/ruby-1.9.3-p194/gems/actionpack-3.2.8/lib/action_dispatch/middleware/templates/rescues/_trace.erb (2.1ms)
  Rendered /home/dan/.rvm/gems/ruby-1.9.3-p194/gems/actionpack-3.2.8/lib/action_dispatch/middleware/templates/rescues/_request_and_response.erb (1.8ms)
  Rendered /home/dan/.rvm/gems/ruby-1.9.3-p194/gems/actionpack-3.2.8/lib/action_dispatch/middleware/templates/rescues/diagnostics.erb within rescues/layout (16.8ms)


Started GET "/bathrooms/add?name=dan" for 127.0.0.1 at 2012-10-06 15:23:53 -0400
Processing by BathroomsController#add as HTML
  Parameters: {"name"=>"dan"}
  [1m[36m (0.1ms)[0m  [1mbegin transaction[0m
  [1m[35mSQL (0.6ms)[0m  INSERT INTO "bathrooms" ("address", "bathroomtype_id", "city", "created_at", "hasAttendent", "hasProductDispenser", "hasSignage", "hasWifi", "isFamily", "isGreen", "isHandicapAccessible", "isHandsFree", "isPublic", "isUnisex", "lat", "lng", "name", "state", "updated_at", "zip") VALUES (?, ?, ?, ?, ?, ?, ?, ?, ?, ?, ?, ?, ?, ?, ?, ?, ?, ?, ?, ?)  [["address", nil], ["bathroomtype_id", nil], ["city", nil], ["created_at", Sat, 06 Oct 2012 19:23:53 UTC +00:00], ["hasAttendent", nil], ["hasProductDispenser", nil], ["hasSignage", nil], ["hasWifi", nil], ["isFamily", nil], ["isGreen", nil], ["isHandicapAccessible", nil], ["isHandsFree", nil], ["isPublic", nil], ["isUnisex", nil], ["lat", nil], ["lng", nil], ["name", nil], ["state", nil], ["updated_at", Sat, 06 Oct 2012 19:23:53 UTC +00:00], ["zip", nil]]
  [1m[36m (3.4ms)[0m  [1mcommit transaction[0m
  [1m[35m (0.1ms)[0m  begin transaction
  [1m[36mSQL (0.4ms)[0m  [1mINSERT INTO "bathroomtypes" ("btype", "created_at", "updated_at") VALUES (?, ?, ?)[0m  [["btype", nil], ["created_at", Sat, 06 Oct 2012 19:23:53 UTC +00:00], ["updated_at", Sat, 06 Oct 2012 19:23:53 UTC +00:00]]
  [1m[35m (2.7ms)[0m  commit transaction
  [1m[36m (0.1ms)[0m  [1mbegin transaction[0m
  [1m[35m (0.3ms)[0m  UPDATE "bathrooms" SET "name" = 'dan', "updated_at" = '2012-10-06 19:23:53.181704' WHERE "bathrooms"."id" = 3
  [1m[36m (4.0ms)[0m  [1mcommit transaction[0m
Completed 500 Internal Server Error in 20ms

NoMethodError (undefined method `save' for nil:NilClass):
  app/controllers/bathrooms_controller.rb:28:in `add'


  Rendered /home/dan/.rvm/gems/ruby-1.9.3-p194/gems/actionpack-3.2.8/lib/action_dispatch/middleware/templates/rescues/_trace.erb (2.1ms)
  Rendered /home/dan/.rvm/gems/ruby-1.9.3-p194/gems/actionpack-3.2.8/lib/action_dispatch/middleware/templates/rescues/_request_and_response.erb (1.5ms)
  Rendered /home/dan/.rvm/gems/ruby-1.9.3-p194/gems/actionpack-3.2.8/lib/action_dispatch/middleware/templates/rescues/diagnostics.erb within rescues/layout (13.3ms)


Started GET "/bathrooms/add?name=dan" for 127.0.0.1 at 2012-10-06 15:24:41 -0400
Processing by BathroomsController#add as HTML
  Parameters: {"name"=>"dan"}
  [1m[35m (0.1ms)[0m  begin transaction
  [1m[36mSQL (0.7ms)[0m  [1mINSERT INTO "bathrooms" ("address", "bathroomtype_id", "city", "created_at", "hasAttendent", "hasProductDispenser", "hasSignage", "hasWifi", "isFamily", "isGreen", "isHandicapAccessible", "isHandsFree", "isPublic", "isUnisex", "lat", "lng", "name", "state", "updated_at", "zip") VALUES (?, ?, ?, ?, ?, ?, ?, ?, ?, ?, ?, ?, ?, ?, ?, ?, ?, ?, ?, ?)[0m  [["address", nil], ["bathroomtype_id", nil], ["city", nil], ["created_at", Sat, 06 Oct 2012 19:24:41 UTC +00:00], ["hasAttendent", nil], ["hasProductDispenser", nil], ["hasSignage", nil], ["hasWifi", nil], ["isFamily", nil], ["isGreen", nil], ["isHandicapAccessible", nil], ["isHandsFree", nil], ["isPublic", nil], ["isUnisex", nil], ["lat", nil], ["lng", nil], ["name", nil], ["state", nil], ["updated_at", Sat, 06 Oct 2012 19:24:41 UTC +00:00], ["zip", nil]]
  [1m[35m (66.9ms)[0m  commit transaction
  [1m[36m (0.2ms)[0m  [1mbegin transaction[0m
  [1m[35mSQL (0.6ms)[0m  INSERT INTO "bathroomtypes" ("btype", "created_at", "updated_at") VALUES (?, ?, ?)  [["btype", nil], ["created_at", Sat, 06 Oct 2012 19:24:41 UTC +00:00], ["updated_at", Sat, 06 Oct 2012 19:24:41 UTC +00:00]]
  [1m[36m (4.7ms)[0m  [1mcommit transaction[0m
  [1m[35m (0.1ms)[0m  begin transaction
  [1m[36m (0.3ms)[0m  [1mUPDATE "bathrooms" SET "name" = 'dan', "updated_at" = '2012-10-06 19:24:41.349936' WHERE "bathrooms"."id" = 4[0m
  [1m[35m (3.8ms)[0m  commit transaction
Completed 500 Internal Server Error in 156ms

NoMethodError (undefined method `stype=' for #<Bathroomtype:0xb612116c>):
  app/controllers/bathrooms_controller.rb:27:in `add'


  Rendered /home/dan/.rvm/gems/ruby-1.9.3-p194/gems/actionpack-3.2.8/lib/action_dispatch/middleware/templates/rescues/_trace.erb (2.4ms)
  Rendered /home/dan/.rvm/gems/ruby-1.9.3-p194/gems/actionpack-3.2.8/lib/action_dispatch/middleware/templates/rescues/_request_and_response.erb (1.6ms)
  Rendered /home/dan/.rvm/gems/ruby-1.9.3-p194/gems/actionpack-3.2.8/lib/action_dispatch/middleware/templates/rescues/diagnostics.erb within rescues/layout (14.2ms)


Started GET "/bathrooms/add?name=dan" for 127.0.0.1 at 2012-10-06 15:24:51 -0400
Processing by BathroomsController#add as HTML
  Parameters: {"name"=>"dan"}
  [1m[36m (0.1ms)[0m  [1mbegin transaction[0m
  [1m[35mSQL (0.8ms)[0m  INSERT INTO "bathrooms" ("address", "bathroomtype_id", "city", "created_at", "hasAttendent", "hasProductDispenser", "hasSignage", "hasWifi", "isFamily", "isGreen", "isHandicapAccessible", "isHandsFree", "isPublic", "isUnisex", "lat", "lng", "name", "state", "updated_at", "zip") VALUES (?, ?, ?, ?, ?, ?, ?, ?, ?, ?, ?, ?, ?, ?, ?, ?, ?, ?, ?, ?)  [["address", nil], ["bathroomtype_id", nil], ["city", nil], ["created_at", Sat, 06 Oct 2012 19:24:51 UTC +00:00], ["hasAttendent", nil], ["hasProductDispenser", nil], ["hasSignage", nil], ["hasWifi", nil], ["isFamily", nil], ["isGreen", nil], ["isHandicapAccessible", nil], ["isHandsFree", nil], ["isPublic", nil], ["isUnisex", nil], ["lat", nil], ["lng", nil], ["name", nil], ["state", nil], ["updated_at", Sat, 06 Oct 2012 19:24:51 UTC +00:00], ["zip", nil]]
  [1m[36m (49.2ms)[0m  [1mcommit transaction[0m
  [1m[35m (0.1ms)[0m  begin transaction
  [1m[36mSQL (0.5ms)[0m  [1mINSERT INTO "bathroomtypes" ("btype", "created_at", "updated_at") VALUES (?, ?, ?)[0m  [["btype", nil], ["created_at", Sat, 06 Oct 2012 19:24:51 UTC +00:00], ["updated_at", Sat, 06 Oct 2012 19:24:51 UTC +00:00]]
  [1m[35m (4.8ms)[0m  commit transaction
  [1m[36m (0.1ms)[0m  [1mbegin transaction[0m
  [1m[35m (0.2ms)[0m  UPDATE "bathrooms" SET "name" = 'dan', "updated_at" = '2012-10-06 19:24:51.341306' WHERE "bathrooms"."id" = 5
  [1m[36m (4.0ms)[0m  [1mcommit transaction[0m
  [1m[35m (0.1ms)[0m  begin transaction
  [1m[36m (0.1ms)[0m  [1mcommit transaction[0m
Completed 500 Internal Server Error in 134ms

NoMethodError (undefined method `BathroomType=' for #<Bathroom:0xb6288a8c>):
  app/controllers/bathrooms_controller.rb:30:in `add'


  Rendered /home/dan/.rvm/gems/ruby-1.9.3-p194/gems/actionpack-3.2.8/lib/action_dispatch/middleware/templates/rescues/_trace.erb (2.1ms)
  Rendered /home/dan/.rvm/gems/ruby-1.9.3-p194/gems/actionpack-3.2.8/lib/action_dispatch/middleware/templates/rescues/_request_and_response.erb (1.5ms)
  Rendered /home/dan/.rvm/gems/ruby-1.9.3-p194/gems/actionpack-3.2.8/lib/action_dispatch/middleware/templates/rescues/diagnostics.erb within rescues/layout (15.2ms)


Started GET "/bathrooms/add?name=dan" for 127.0.0.1 at 2012-10-06 15:25:14 -0400
Processing by BathroomsController#add as HTML
  Parameters: {"name"=>"dan"}
  [1m[35m (0.2ms)[0m  begin transaction
  [1m[36mSQL (0.9ms)[0m  [1mINSERT INTO "bathrooms" ("address", "bathroomtype_id", "city", "created_at", "hasAttendent", "hasProductDispenser", "hasSignage", "hasWifi", "isFamily", "isGreen", "isHandicapAccessible", "isHandsFree", "isPublic", "isUnisex", "lat", "lng", "name", "state", "updated_at", "zip") VALUES (?, ?, ?, ?, ?, ?, ?, ?, ?, ?, ?, ?, ?, ?, ?, ?, ?, ?, ?, ?)[0m  [["address", nil], ["bathroomtype_id", nil], ["city", nil], ["created_at", Sat, 06 Oct 2012 19:25:15 UTC +00:00], ["hasAttendent", nil], ["hasProductDispenser", nil], ["hasSignage", nil], ["hasWifi", nil], ["isFamily", nil], ["isGreen", nil], ["isHandicapAccessible", nil], ["isHandsFree", nil], ["isPublic", nil], ["isUnisex", nil], ["lat", nil], ["lng", nil], ["name", nil], ["state", nil], ["updated_at", Sat, 06 Oct 2012 19:25:15 UTC +00:00], ["zip", nil]]
  [1m[35m (47.0ms)[0m  commit transaction
  [1m[36m (0.1ms)[0m  [1mbegin transaction[0m
  [1m[35mSQL (0.6ms)[0m  INSERT INTO "bathroomtypes" ("btype", "created_at", "updated_at") VALUES (?, ?, ?)  [["btype", nil], ["created_at", Sat, 06 Oct 2012 19:25:15 UTC +00:00], ["updated_at", Sat, 06 Oct 2012 19:25:15 UTC +00:00]]
  [1m[36m (4.8ms)[0m  [1mcommit transaction[0m
  [1m[35m (0.1ms)[0m  begin transaction
  [1m[36m (0.3ms)[0m  [1mUPDATE "bathrooms" SET "name" = 'dan', "updated_at" = '2012-10-06 19:25:15.192125' WHERE "bathrooms"."id" = 6[0m
  [1m[35m (6.1ms)[0m  commit transaction
  [1m[36m (0.1ms)[0m  [1mbegin transaction[0m
  [1m[35m (0.1ms)[0m  commit transaction
Completed 500 Internal Server Error in 144ms

NoMethodError (undefined method `Bathroomtype=' for #<Bathroom:0xb697a4bc>):
  app/controllers/bathrooms_controller.rb:30:in `add'


  Rendered /home/dan/.rvm/gems/ruby-1.9.3-p194/gems/actionpack-3.2.8/lib/action_dispatch/middleware/templates/rescues/_trace.erb (2.2ms)
  Rendered /home/dan/.rvm/gems/ruby-1.9.3-p194/gems/actionpack-3.2.8/lib/action_dispatch/middleware/templates/rescues/_request_and_response.erb (1.7ms)
  Rendered /home/dan/.rvm/gems/ruby-1.9.3-p194/gems/actionpack-3.2.8/lib/action_dispatch/middleware/templates/rescues/diagnostics.erb within rescues/layout (14.1ms)


Started GET "/bathrooms/add?name=dan" for 127.0.0.1 at 2012-10-06 15:25:48 -0400
Processing by BathroomsController#add as HTML
  Parameters: {"name"=>"dan"}
  [1m[36m (0.1ms)[0m  [1mbegin transaction[0m
  [1m[35mSQL (1.0ms)[0m  INSERT INTO "bathrooms" ("address", "bathroomtype_id", "city", "created_at", "hasAttendent", "hasProductDispenser", "hasSignage", "hasWifi", "isFamily", "isGreen", "isHandicapAccessible", "isHandsFree", "isPublic", "isUnisex", "lat", "lng", "name", "state", "updated_at", "zip") VALUES (?, ?, ?, ?, ?, ?, ?, ?, ?, ?, ?, ?, ?, ?, ?, ?, ?, ?, ?, ?)  [["address", nil], ["bathroomtype_id", nil], ["city", nil], ["created_at", Sat, 06 Oct 2012 19:25:48 UTC +00:00], ["hasAttendent", nil], ["hasProductDispenser", nil], ["hasSignage", nil], ["hasWifi", nil], ["isFamily", nil], ["isGreen", nil], ["isHandicapAccessible", nil], ["isHandsFree", nil], ["isPublic", nil], ["isUnisex", nil], ["lat", nil], ["lng", nil], ["name", nil], ["state", nil], ["updated_at", Sat, 06 Oct 2012 19:25:48 UTC +00:00], ["zip", nil]]
  [1m[36m (63.1ms)[0m  [1mcommit transaction[0m
  [1m[35m (0.2ms)[0m  begin transaction
  [1m[36mSQL (0.6ms)[0m  [1mINSERT INTO "bathroomtypes" ("btype", "created_at", "updated_at") VALUES (?, ?, ?)[0m  [["btype", nil], ["created_at", Sat, 06 Oct 2012 19:25:49 UTC +00:00], ["updated_at", Sat, 06 Oct 2012 19:25:49 UTC +00:00]]
  [1m[35m (5.3ms)[0m  commit transaction
  [1m[36m (0.1ms)[0m  [1mbegin transaction[0m
  [1m[35m (0.3ms)[0m  UPDATE "bathrooms" SET "name" = 'dan', "updated_at" = '2012-10-06 19:25:49.029976' WHERE "bathrooms"."id" = 7
  [1m[36m (3.5ms)[0m  [1mcommit transaction[0m
  [1m[35m (0.1ms)[0m  begin transaction
  [1m[36m (0.1ms)[0m  [1mcommit transaction[0m
  [1m[35m (0.1ms)[0m  begin transaction
  [1m[36m (0.1ms)[0m  [1mcommit transaction[0m
Completed 200 OK in 160ms (Views: 0.3ms | ActiveRecord: 76.6ms)


Started GET "/bathrooms/add?name=dan34" for 127.0.0.1 at 2012-10-06 15:25:52 -0400
Processing by BathroomsController#add as HTML
  Parameters: {"name"=>"dan34"}
  [1m[35m (0.5ms)[0m  begin transaction
  [1m[36mSQL (0.6ms)[0m  [1mINSERT INTO "bathrooms" ("address", "bathroomtype_id", "city", "created_at", "hasAttendent", "hasProductDispenser", "hasSignage", "hasWifi", "isFamily", "isGreen", "isHandicapAccessible", "isHandsFree", "isPublic", "isUnisex", "lat", "lng", "name", "state", "updated_at", "zip") VALUES (?, ?, ?, ?, ?, ?, ?, ?, ?, ?, ?, ?, ?, ?, ?, ?, ?, ?, ?, ?)[0m  [["address", nil], ["bathroomtype_id", nil], ["city", nil], ["created_at", Sat, 06 Oct 2012 19:25:52 UTC +00:00], ["hasAttendent", nil], ["hasProductDispenser", nil], ["hasSignage", nil], ["hasWifi", nil], ["isFamily", nil], ["isGreen", nil], ["isHandicapAccessible", nil], ["isHandsFree", nil], ["isPublic", nil], ["isUnisex", nil], ["lat", nil], ["lng", nil], ["name", nil], ["state", nil], ["updated_at", Sat, 06 Oct 2012 19:25:52 UTC +00:00], ["zip", nil]]
  [1m[35m (44.1ms)[0m  commit transaction
  [1m[36m (0.1ms)[0m  [1mbegin transaction[0m
  [1m[35mSQL (0.4ms)[0m  INSERT INTO "bathroomtypes" ("btype", "created_at", "updated_at") VALUES (?, ?, ?)  [["btype", nil], ["created_at", Sat, 06 Oct 2012 19:25:52 UTC +00:00], ["updated_at", Sat, 06 Oct 2012 19:25:52 UTC +00:00]]
  [1m[36m (39.3ms)[0m  [1mcommit transaction[0m
  [1m[35m (0.1ms)[0m  begin transaction
  [1m[36m (0.2ms)[0m  [1mUPDATE "bathrooms" SET "name" = 'dan34', "updated_at" = '2012-10-06 19:25:52.566492' WHERE "bathrooms"."id" = 8[0m
  [1m[35m (3.9ms)[0m  commit transaction
  [1m[36m (0.1ms)[0m  [1mbegin transaction[0m
  [1m[35m (0.1ms)[0m  commit transaction
  [1m[36m (0.1ms)[0m  [1mbegin transaction[0m
  [1m[35m (0.1ms)[0m  commit transaction
Completed 200 OK in 99ms (Views: 0.2ms | ActiveRecord: 89.6ms)


Started GET "/bathrooms/add?name=dan34" for 127.0.0.1 at 2012-10-06 15:26:40 -0400
Processing by BathroomsController#add as HTML
  Parameters: {"name"=>"dan34"}
  [1m[36m (0.1ms)[0m  [1mbegin transaction[0m
  [1m[35mSQL (0.7ms)[0m  INSERT INTO "bathrooms" ("address", "bathroomtype_id", "city", "created_at", "hasAttendent", "hasProductDispenser", "hasSignage", "hasWifi", "isFamily", "isGreen", "isHandicapAccessible", "isHandsFree", "isPublic", "isUnisex", "lat", "lng", "name", "state", "updated_at", "zip") VALUES (?, ?, ?, ?, ?, ?, ?, ?, ?, ?, ?, ?, ?, ?, ?, ?, ?, ?, ?, ?)  [["address", nil], ["bathroomtype_id", nil], ["city", nil], ["created_at", Sat, 06 Oct 2012 19:26:40 UTC +00:00], ["hasAttendent", nil], ["hasProductDispenser", nil], ["hasSignage", nil], ["hasWifi", nil], ["isFamily", nil], ["isGreen", nil], ["isHandicapAccessible", nil], ["isHandsFree", nil], ["isPublic", nil], ["isUnisex", nil], ["lat", nil], ["lng", nil], ["name", nil], ["state", nil], ["updated_at", Sat, 06 Oct 2012 19:26:40 UTC +00:00], ["zip", nil]]
  [1m[36m (16.2ms)[0m  [1mcommit transaction[0m
  [1m[35m (0.1ms)[0m  begin transaction
  [1m[36mSQL (0.5ms)[0m  [1mINSERT INTO "bathroomtypes" ("btype", "created_at", "updated_at") VALUES (?, ?, ?)[0m  [["btype", nil], ["created_at", Sat, 06 Oct 2012 19:26:40 UTC +00:00], ["updated_at", Sat, 06 Oct 2012 19:26:40 UTC +00:00]]
  [1m[35m (3.9ms)[0m  commit transaction
  [1m[36m (0.1ms)[0m  [1mbegin transaction[0m
  [1m[35m (0.2ms)[0m  UPDATE "bathrooms" SET "name" = 'dan34', "updated_at" = '2012-10-06 19:26:40.815516' WHERE "bathrooms"."id" = 9
  [1m[36m (3.1ms)[0m  [1mcommit transaction[0m
  [1m[35m (0.1ms)[0m  begin transaction
  [1m[36m (0.1ms)[0m  [1mcommit transaction[0m
  [1m[35m (0.1ms)[0m  begin transaction
  [1m[36m (0.4ms)[0m  [1mUPDATE "bathrooms" SET "bathroomtype_id" = 8, "updated_at" = '2012-10-06 19:26:40.841283' WHERE "bathrooms"."id" = 9[0m
  [1m[35m (3.5ms)[0m  commit transaction
Completed 200 OK in 112ms (Views: 0.3ms | ActiveRecord: 30.9ms)


Started GET "/bathrooms/add?name=dan34" for 127.0.0.1 at 2012-10-06 15:27:37 -0400
Processing by BathroomsController#add as HTML
  Parameters: {"name"=>"dan34"}
  [1m[36m (0.1ms)[0m  [1mbegin transaction[0m
  [1m[35mSQL (0.7ms)[0m  INSERT INTO "bathrooms" ("address", "bathroomtype_id", "city", "created_at", "hasAttendent", "hasProductDispenser", "hasSignage", "hasWifi", "isFamily", "isGreen", "isHandicapAccessible", "isHandsFree", "isPublic", "isUnisex", "lat", "lng", "name", "state", "updated_at", "zip") VALUES (?, ?, ?, ?, ?, ?, ?, ?, ?, ?, ?, ?, ?, ?, ?, ?, ?, ?, ?, ?)  [["address", nil], ["bathroomtype_id", nil], ["city", nil], ["created_at", Sat, 06 Oct 2012 19:27:37 UTC +00:00], ["hasAttendent", nil], ["hasProductDispenser", nil], ["hasSignage", nil], ["hasWifi", nil], ["isFamily", nil], ["isGreen", nil], ["isHandicapAccessible", nil], ["isHandsFree", nil], ["isPublic", nil], ["isUnisex", nil], ["lat", nil], ["lng", nil], ["name", nil], ["state", nil], ["updated_at", Sat, 06 Oct 2012 19:27:37 UTC +00:00], ["zip", nil]]
  [1m[36m (67.6ms)[0m  [1mcommit transaction[0m
  [1m[35m (0.2ms)[0m  begin transaction
  [1m[36mSQL (0.6ms)[0m  [1mINSERT INTO "bathroomtypes" ("btype", "created_at", "updated_at") VALUES (?, ?, ?)[0m  [["btype", nil], ["created_at", Sat, 06 Oct 2012 19:27:37 UTC +00:00], ["updated_at", Sat, 06 Oct 2012 19:27:37 UTC +00:00]]
  [1m[35m (4.8ms)[0m  commit transaction
  [1m[36m (0.1ms)[0m  [1mbegin transaction[0m
  [1m[35m (0.3ms)[0m  UPDATE "bathrooms" SET "name" = 'dan34', "updated_at" = '2012-10-06 19:27:37.869285' WHERE "bathrooms"."id" = 10
  [1m[36m (4.2ms)[0m  [1mcommit transaction[0m
  [1m[35m (0.1ms)[0m  begin transaction
  [1m[36m (0.1ms)[0m  [1mcommit transaction[0m
  [1m[35m (0.1ms)[0m  begin transaction
  [1m[36m (0.3ms)[0m  [1mUPDATE "bathrooms" SET "bathroomtype_id" = 9, "updated_at" = '2012-10-06 19:27:37.878611' WHERE "bathrooms"."id" = 10[0m
  [1m[35m (3.5ms)[0m  commit transaction
Completed 200 OK in 166ms (Views: 0.3ms | ActiveRecord: 84.3ms)


Started GET "/bathrooms/add?name=dan34" for 127.0.0.1 at 2012-10-06 15:29:56 -0400
Connecting to database specified by database.yml
Processing by BathroomsController#add as HTML
  Parameters: {"name"=>"dan34"}
  [1m[36m (0.1ms)[0m  [1mbegin transaction[0m
  [1m[35mSQL (6.4ms)[0m  INSERT INTO "bathrooms" ("address", "bathroomtype_id", "city", "created_at", "hasAttendent", "hasProductDispenser", "hasSignage", "hasWifi", "isFamily", "isGreen", "isHandicapAccessible", "isHandsFree", "isPublic", "isUnisex", "lat", "lng", "name", "state", "updated_at", "zip") VALUES (?, ?, ?, ?, ?, ?, ?, ?, ?, ?, ?, ?, ?, ?, ?, ?, ?, ?, ?, ?)  [["address", nil], ["bathroomtype_id", nil], ["city", nil], ["created_at", Sat, 06 Oct 2012 19:29:57 UTC +00:00], ["hasAttendent", nil], ["hasProductDispenser", nil], ["hasSignage", nil], ["hasWifi", nil], ["isFamily", nil], ["isGreen", nil], ["isHandicapAccessible", nil], ["isHandsFree", nil], ["isPublic", nil], ["isUnisex", nil], ["lat", nil], ["lng", nil], ["name", nil], ["state", nil], ["updated_at", Sat, 06 Oct 2012 19:29:57 UTC +00:00], ["zip", nil]]
  [1m[36m (12.0ms)[0m  [1mcommit transaction[0m
  [1m[35m (0.1ms)[0m  begin transaction
  [1m[36mSQL (0.6ms)[0m  [1mINSERT INTO "bathroomtypes" ("btype", "created_at", "updated_at") VALUES (?, ?, ?)[0m  [["btype", nil], ["created_at", Sat, 06 Oct 2012 19:29:57 UTC +00:00], ["updated_at", Sat, 06 Oct 2012 19:29:57 UTC +00:00]]
  [1m[35m (6.3ms)[0m  commit transaction
  [1m[36m (0.1ms)[0m  [1mbegin transaction[0m
  [1m[35m (0.3ms)[0m  UPDATE "bathrooms" SET "name" = 'dan34', "updated_at" = '2012-10-06 19:29:57.079406' WHERE "bathrooms"."id" = 11
  [1m[36m (4.6ms)[0m  [1mcommit transaction[0m
  [1m[35m (0.1ms)[0m  begin transaction
  [1m[36m (0.1ms)[0m  [1mcommit transaction[0m
  [1m[35m (0.1ms)[0m  begin transaction
  [1m[36m (0.3ms)[0m  [1mUPDATE "bathrooms" SET "bathroomtype_id" = 10, "updated_at" = '2012-10-06 19:29:57.122946' WHERE "bathrooms"."id" = 11[0m
  [1m[35m (3.7ms)[0m  commit transaction
Completed 200 OK in 187ms (Views: 0.4ms | ActiveRecord: 38.0ms)
